<?xml version="1.0" encoding="UTF-8"?>
<testsuite xmlns:xsi="http://www.w3.org/2001/XMLSchema-instance" xsi:noNamespaceSchemaLocation="https://maven.apache.org/surefire/maven-surefire-plugin/xsd/surefire-test-report.xsd" name="org.onassignment.compassinterview.controller.CrawlerControllerTest" time="28.99" tests="2" errors="2" skipped="0" failures="0">
  <properties>
[...]
</properties>
  <testcase name="testGetParseUrl" classname="org.onassignment.compassinterview.controller.CrawlerControllerTest" time="26.254">
    <error message="Handler dispatch failed; nested exception is java.lang.OutOfMemoryError: unable to create new native thread" type="org.springframework.web.util.NestedServletException">org.springframework.web.util.NestedServletException: Handler dispatch failed; nested exception is java.lang.OutOfMemoryError: unable to create new native thread
	at org.onassignment.compassinterview.controller.CrawlerControllerTest.testGetParseUrl(CrawlerControllerTest.java:51)
Caused by: java.lang.OutOfMemoryError: unable to create new native thread
	at org.onassignment.compassinterview.controller.CrawlerControllerTest.testGetParseUrl(CrawlerControllerTest.java:51)
</error>
    <system-out><![CDATA[23:09:05.846 [main] DEBUG org.springframework.test.context.junit4.SpringJUnit4ClassRunner - SpringJUnit4ClassRunner constructor called with [class org.onassignment.compassinterview.controller.CrawlerControllerTest]
23:09:05.852 [main] DEBUG org.springframework.test.context.BootstrapUtils - Instantiating CacheAwareContextLoaderDelegate from class [org.springframework.test.context.cache.DefaultCacheAwareContextLoaderDelegate]
23:09:05.858 [main] DEBUG org.springframework.test.context.BootstrapUtils - Instantiating BootstrapContext using constructor [public org.springframework.test.context.support.DefaultBootstrapContext(java.lang.Class,org.springframework.test.context.CacheAwareContextLoaderDelegate)]
23:09:05.876 [main] DEBUG org.springframework.test.context.BootstrapUtils - Instantiating TestContextBootstrapper for test class [org.onassignment.compassinterview.controller.CrawlerControllerTest] from class [org.springframework.boot.test.context.SpringBootTestContextBootstrapper]
23:09:05.885 [main] INFO org.springframework.boot.test.context.SpringBootTestContextBootstrapper - Neither @ContextConfiguration nor @ContextHierarchy found for test class [org.onassignment.compassinterview.controller.CrawlerControllerTest], using SpringBootContextLoader
23:09:05.889 [main] DEBUG org.springframework.test.context.support.AbstractContextLoader - Did not detect default resource location for test class [org.onassignment.compassinterview.controller.CrawlerControllerTest]: class path resource [org/onassignment/compassinterview/controller/CrawlerControllerTest-context.xml] does not exist
23:09:05.889 [main] DEBUG org.springframework.test.context.support.AbstractContextLoader - Did not detect default resource location for test class [org.onassignment.compassinterview.controller.CrawlerControllerTest]: class path resource [org/onassignment/compassinterview/controller/CrawlerControllerTestContext.groovy] does not exist
23:09:05.890 [main] INFO org.springframework.test.context.support.AbstractContextLoader - Could not detect default resource locations for test class [org.onassignment.compassinterview.controller.CrawlerControllerTest]: no resource found for suffixes {-context.xml, Context.groovy}.
23:09:05.890 [main] INFO org.springframework.test.context.support.AnnotationConfigContextLoaderUtils - Could not detect default configuration classes for test class [org.onassignment.compassinterview.controller.CrawlerControllerTest]: CrawlerControllerTest does not declare any static, non-private, non-final, nested classes annotated with @Configuration.
23:09:05.940 [main] DEBUG org.springframework.test.context.support.ActiveProfilesUtils - Could not find an 'annotation declaring class' for annotation type [org.springframework.test.context.ActiveProfiles] and class [org.onassignment.compassinterview.controller.CrawlerControllerTest]
23:09:05.951 [main] DEBUG org.springframework.core.env.StandardEnvironment - Adding PropertySource 'systemProperties' with lowest search precedence
23:09:05.952 [main] DEBUG org.springframework.core.env.StandardEnvironment - Adding PropertySource 'systemEnvironment' with lowest search precedence
23:09:05.953 [main] DEBUG org.springframework.core.env.StandardEnvironment - Initialized StandardEnvironment with PropertySources [MapPropertySource@1412925683 {name='systemProperties', properties={java.runtime.name=Java(TM) SE Runtime Environment, sun.boot.library.path=/Library/Java/JavaVirtualMachines/jdk1.8.0_172.jdk/Contents/Home/jre/lib, java.vm.version=25.172-b11, gopherProxySet=false, java.vm.vendor=Oracle Corporation, java.vendor.url=http://java.oracle.com/, path.separator=:, java.vm.name=Java HotSpot(TM) 64-Bit Server VM, file.encoding.pkg=sun.io, user.country=US, sun.java.launcher=SUN_STANDARD, sun.os.patch.level=unknown, java.vm.specification.name=Java Virtual Machine Specification, user.dir=/Volumes/850-500G/Sync/project/ideawork/compass-interview, java.runtime.version=1.8.0_172-b11, basedir=/Volumes/850-500G/Sync/project/ideawork/compass-interview, java.awt.graphicsenv=sun.awt.CGraphicsEnvironment, java.endorsed.dirs=/Library/Java/JavaVirtualMachines/jdk1.8.0_172.jdk/Contents/Home/jre/lib/endorsed, os.arch=x86_64, surefire.real.class.path=/Volumes/850-500G/Sync/project/ideawork/compass-interview/target/surefire/surefirebooter6404362341656239813.jar, java.io.tmpdir=/var/folders/dy/qvvbf46x4kbcfnj0k0j0lssr0000gn/T/, line.separator=
, java.vm.specification.vendor=Oracle Corporation, os.name=Mac OS X, sun.jnu.encoding=UTF-8, java.library.path=/Volumes/850-500G/JavaLib/oracleClient12:/Users/qzhanghp/Library/Java/Extensions:/Library/Java/Extensions:/Network/Library/Java/Extensions:/System/Library/Java/Extensions:/usr/lib/java:., surefire.test.class.path=/Volumes/850-500G/Sync/project/ideawork/compass-interview/target/test-classes:/Volumes/850-500G/Sync/project/ideawork/compass-interview/target/classes:/Volumes/850-500G/JavaLib/maven_repository/repository/org/springframework/boot/spring-boot-starter/2.0.2.RELEASE/spring-boot-starter-2.0.2.RELEASE.jar:/Volumes/850-500G/JavaLib/maven_repository/repository/org/springframework/boot/spring-boot/2.0.2.RELEASE/spring-boot-2.0.2.RELEASE.jar:/Volumes/850-500G/JavaLib/maven_repository/repository/org/springframework/spring-context/5.0.6.RELEASE/spring-context-5.0.6.RELEASE.jar:/Volumes/850-500G/JavaLib/maven_repository/repository/org/springframework/boot/spring-boot-autoconfigure/2.0.2.RELEASE/spring-boot-autoconfigure-2.0.2.RELEASE.jar:/Volumes/850-500G/JavaLib/maven_repository/repository/javax/annotation/javax.annotation-api/1.3.2/javax.annotation-api-1.3.2.jar:/Volumes/850-500G/JavaLib/maven_repository/repository/org/springframework/spring-core/5.0.6.RELEASE/spring-core-5.0.6.RELEASE.jar:/Volumes/850-500G/JavaLib/maven_repository/repository/org/springframework/spring-jcl/5.0.6.RELEASE/spring-jcl-5.0.6.RELEASE.jar:/Volumes/850-500G/JavaLib/maven_repository/repository/org/yaml/snakeyaml/1.19/snakeyaml-1.19.jar:/Volumes/850-500G/JavaLib/maven_repository/repository/org/springframework/boot/spring-boot-starter-logging/2.0.2.RELEASE/spring-boot-starter-logging-2.0.2.RELEASE.jar:/Volumes/850-500G/JavaLib/maven_repository/repository/ch/qos/logback/logback-classic/1.2.3/logback-classic-1.2.3.jar:/Volumes/850-500G/JavaLib/maven_repository/repository/ch/qos/logback/logback-core/1.2.3/logback-core-1.2.3.jar:/Volumes/850-500G/JavaLib/maven_repository/repository/org/slf4j/slf4j-api/1.7.25/slf4j-api-1.7.25.jar:/Volumes/850-500G/JavaLib/maven_repository/repository/org/apache/logging/log4j/log4j-to-slf4j/2.10.0/log4j-to-slf4j-2.10.0.jar:/Volumes/850-500G/JavaLib/maven_repository/repository/org/apache/logging/log4j/log4j-api/2.10.0/log4j-api-2.10.0.jar:/Volumes/850-500G/JavaLib/maven_repository/repository/org/slf4j/jul-to-slf4j/1.7.25/jul-to-slf4j-1.7.25.jar:/Volumes/850-500G/JavaLib/maven_repository/repository/org/jsoup/jsoup/1.10.3/jsoup-1.10.3.jar:/Volumes/850-500G/JavaLib/maven_repository/repository/com/fasterxml/jackson/core/jackson-databind/2.9.5/jackson-databind-2.9.5.jar:/Volumes/850-500G/JavaLib/maven_repository/repository/com/fasterxml/jackson/core/jackson-annotations/2.9.0/jackson-annotations-2.9.0.jar:/Volumes/850-500G/JavaLib/maven_repository/repository/com/fasterxml/jackson/core/jackson-core/2.9.5/jackson-core-2.9.5.jar:/Volumes/850-500G/JavaLib/maven_repository/repository/org/springframework/boot/spring-boot-starter-test/2.0.2.RELEASE/spring-boot-starter-test-2.0.2.RELEASE.jar:/Volumes/850-500G/JavaLib/maven_repository/repository/org/springframework/boot/spring-boot-test/2.0.2.RELEASE/spring-boot-test-2.0.2.RELEASE.jar:/Volumes/850-500G/JavaLib/maven_repository/repository/org/springframework/boot/spring-boot-test-autoconfigure/2.0.2.RELEASE/spring-boot-test-autoconfigure-2.0.2.RELEASE.jar:/Volumes/850-500G/JavaLib/maven_repository/repository/com/jayway/jsonpath/json-path/2.4.0/json-path-2.4.0.jar:/Volumes/850-500G/JavaLib/maven_repository/repository/net/minidev/json-smart/2.3/json-smart-2.3.jar:/Volumes/850-500G/JavaLib/maven_repository/repository/net/minidev/accessors-smart/1.2/accessors-smart-1.2.jar:/Volumes/850-500G/JavaLib/maven_repository/repository/org/ow2/asm/asm/5.0.4/asm-5.0.4.jar:/Volumes/850-500G/JavaLib/maven_repository/repository/org/assertj/assertj-core/3.9.1/assertj-core-3.9.1.jar:/Volumes/850-500G/JavaLib/maven_repository/repository/org/mockito/mockito-core/2.15.0/mockito-core-2.15.0.jar:/Volumes/850-500G/JavaLib/maven_repository/repository/net/bytebuddy/byte-buddy/1.7.11/byte-buddy-1.7.11.jar:/Volumes/850-500G/JavaLib/maven_repository/repository/net/bytebuddy/byte-buddy-agent/1.7.11/byte-buddy-agent-1.7.11.jar:/Volumes/850-500G/JavaLib/maven_repository/repository/org/objenesis/objenesis/2.6/objenesis-2.6.jar:/Volumes/850-500G/JavaLib/maven_repository/repository/org/hamcrest/hamcrest-core/1.3/hamcrest-core-1.3.jar:/Volumes/850-500G/JavaLib/maven_repository/repository/org/hamcrest/hamcrest-library/1.3/hamcrest-library-1.3.jar:/Volumes/850-500G/JavaLib/maven_repository/repository/org/skyscreamer/jsonassert/1.5.0/jsonassert-1.5.0.jar:/Volumes/850-500G/JavaLib/maven_repository/repository/com/vaadin/external/google/android-json/0.0.20131108.vaadin1/android-json-0.0.20131108.vaadin1.jar:/Volumes/850-500G/JavaLib/maven_repository/repository/org/springframework/spring-test/5.0.6.RELEASE/spring-test-5.0.6.RELEASE.jar:/Volumes/850-500G/JavaLib/maven_repository/repository/org/xmlunit/xmlunit-core/2.5.1/xmlunit-core-2.5.1.jar:/Volumes/850-500G/JavaLib/maven_repository/repository/org/springframework/boot/spring-boot-starter-web/2.0.2.RELEASE/spring-boot-starter-web-2.0.2.RELEASE.jar:/Volumes/850-500G/JavaLib/maven_repository/repository/org/springframework/boot/spring-boot-starter-json/2.0.2.RELEASE/spring-boot-starter-json-2.0.2.RELEASE.jar:/Volumes/850-500G/JavaLib/maven_repository/repository/com/fasterxml/jackson/datatype/jackson-datatype-jdk8/2.9.5/jackson-datatype-jdk8-2.9.5.jar:/Volumes/850-500G/JavaLib/maven_repository/repository/com/fasterxml/jackson/datatype/jackson-datatype-jsr310/2.9.5/jackson-datatype-jsr310-2.9.5.jar:/Volumes/850-500G/JavaLib/maven_repository/repository/com/fasterxml/jackson/module/jackson-module-parameter-names/2.9.5/jackson-module-parameter-names-2.9.5.jar:/Volumes/850-500G/JavaLib/maven_repository/repository/org/springframework/boot/spring-boot-starter-tomcat/2.0.2.RELEASE/spring-boot-starter-tomcat-2.0.2.RELEASE.jar:/Volumes/850-500G/JavaLib/maven_repository/repository/org/apache/tomcat/embed/tomcat-embed-core/8.5.31/tomcat-embed-core-8.5.31.jar:/Volumes/850-500G/JavaLib/maven_repository/repository/org/apache/tomcat/embed/tomcat-embed-el/8.5.31/tomcat-embed-el-8.5.31.jar:/Volumes/850-500G/JavaLib/maven_repository/repository/org/apache/tomcat/embed/tomcat-embed-websocket/8.5.31/tomcat-embed-websocket-8.5.31.jar:/Volumes/850-500G/JavaLib/maven_repository/repository/org/hibernate/validator/hibernate-validator/6.0.9.Final/hibernate-validator-6.0.9.Final.jar:/Volumes/850-500G/JavaLib/maven_repository/repository/javax/validation/validation-api/2.0.1.Final/validation-api-2.0.1.Final.jar:/Volumes/850-500G/JavaLib/maven_repository/repository/org/jboss/logging/jboss-logging/3.3.2.Final/jboss-logging-3.3.2.Final.jar:/Volumes/850-500G/JavaLib/maven_repository/repository/com/fasterxml/classmate/1.3.4/classmate-1.3.4.jar:/Volumes/850-500G/JavaLib/maven_repository/repository/org/springframework/spring-web/5.0.6.RELEASE/spring-web-5.0.6.RELEASE.jar:/Volumes/850-500G/JavaLib/maven_repository/repository/org/springframework/spring-beans/5.0.6.RELEASE/spring-beans-5.0.6.RELEASE.jar:/Volumes/850-500G/JavaLib/maven_repository/repository/org/springframework/spring-webmvc/5.0.6.RELEASE/spring-webmvc-5.0.6.RELEASE.jar:/Volumes/850-500G/JavaLib/maven_repository/repository/org/springframework/spring-aop/5.0.6.RELEASE/spring-aop-5.0.6.RELEASE.jar:/Volumes/850-500G/JavaLib/maven_repository/repository/org/springframework/spring-expression/5.0.6.RELEASE/spring-expression-5.0.6.RELEASE.jar:/Volumes/850-500G/JavaLib/maven_repository/repository/junit/junit/4.12/junit-4.12.jar:, java.specification.name=Java Platform API Specification, java.class.version=52.0, sun.management.compiler=HotSpot 64-Bit Tiered Compilers, os.version=10.13.3, http.nonProxyHosts=local|*.local|169.254/16|*.169.254/16, user.home=/Users/qzhanghp, user.timezone=US/Pacific, java.awt.printerjob=sun.lwawt.macosx.CPrinterJob, file.encoding=UTF-8, java.specification.version=1.8, java.class.path=/Volumes/850-500G/Sync/project/ideawork/compass-interview/target/test-classes:/Volumes/850-500G/Sync/project/ideawork/compass-interview/target/classes:/Volumes/850-500G/JavaLib/maven_repository/repository/org/springframework/boot/spring-boot-starter/2.0.2.RELEASE/spring-boot-starter-2.0.2.RELEASE.jar:/Volumes/850-500G/JavaLib/maven_repository/repository/org/springframework/boot/spring-boot/2.0.2.RELEASE/spring-boot-2.0.2.RELEASE.jar:/Volumes/850-500G/JavaLib/maven_repository/repository/org/springframework/spring-context/5.0.6.RELEASE/spring-context-5.0.6.RELEASE.jar:/Volumes/850-500G/JavaLib/maven_repository/repository/org/springframework/boot/spring-boot-autoconfigure/2.0.2.RELEASE/spring-boot-autoconfigure-2.0.2.RELEASE.jar:/Volumes/850-500G/JavaLib/maven_repository/repository/javax/annotation/javax.annotation-api/1.3.2/javax.annotation-api-1.3.2.jar:/Volumes/850-500G/JavaLib/maven_repository/repository/org/springframework/spring-core/5.0.6.RELEASE/spring-core-5.0.6.RELEASE.jar:/Volumes/850-500G/JavaLib/maven_repository/repository/org/springframework/spring-jcl/5.0.6.RELEASE/spring-jcl-5.0.6.RELEASE.jar:/Volumes/850-500G/JavaLib/maven_repository/repository/org/yaml/snakeyaml/1.19/snakeyaml-1.19.jar:/Volumes/850-500G/JavaLib/maven_repository/repository/org/springframework/boot/spring-boot-starter-logging/2.0.2.RELEASE/spring-boot-starter-logging-2.0.2.RELEASE.jar:/Volumes/850-500G/JavaLib/maven_repository/repository/ch/qos/logback/logback-classic/1.2.3/logback-classic-1.2.3.jar:/Volumes/850-500G/JavaLib/maven_repository/repository/ch/qos/logback/logback-core/1.2.3/logback-core-1.2.3.jar:/Volumes/850-500G/JavaLib/maven_repository/repository/org/slf4j/slf4j-api/1.7.25/slf4j-api-1.7.25.jar:/Volumes/850-500G/JavaLib/maven_repository/repository/org/apache/logging/log4j/log4j-to-slf4j/2.10.0/log4j-to-slf4j-2.10.0.jar:/Volumes/850-500G/JavaLib/maven_repository/repository/org/apache/logging/log4j/log4j-api/2.10.0/log4j-api-2.10.0.jar:/Volumes/850-500G/JavaLib/maven_repository/repository/org/slf4j/jul-to-slf4j/1.7.25/jul-to-slf4j-1.7.25.jar:/Volumes/850-500G/JavaLib/maven_repository/repository/org/jsoup/jsoup/1.10.3/jsoup-1.10.3.jar:/Volumes/850-500G/JavaLib/maven_repository/repository/com/fasterxml/jackson/core/jackson-databind/2.9.5/jackson-databind-2.9.5.jar:/Volumes/850-500G/JavaLib/maven_repository/repository/com/fasterxml/jackson/core/jackson-annotations/2.9.0/jackson-annotations-2.9.0.jar:/Volumes/850-500G/JavaLib/maven_repository/repository/com/fasterxml/jackson/core/jackson-core/2.9.5/jackson-core-2.9.5.jar:/Volumes/850-500G/JavaLib/maven_repository/repository/org/springframework/boot/spring-boot-starter-test/2.0.2.RELEASE/spring-boot-starter-test-2.0.2.RELEASE.jar:/Volumes/850-500G/JavaLib/maven_repository/repository/org/springframework/boot/spring-boot-test/2.0.2.RELEASE/spring-boot-test-2.0.2.RELEASE.jar:/Volumes/850-500G/JavaLib/maven_repository/repository/org/springframework/boot/spring-boot-test-autoconfigure/2.0.2.RELEASE/spring-boot-test-autoconfigure-2.0.2.RELEASE.jar:/Volumes/850-500G/JavaLib/maven_repository/repository/com/jayway/jsonpath/json-path/2.4.0/json-path-2.4.0.jar:/Volumes/850-500G/JavaLib/maven_repository/repository/net/minidev/json-smart/2.3/json-smart-2.3.jar:/Volumes/850-500G/JavaLib/maven_repository/repository/net/minidev/accessors-smart/1.2/accessors-smart-1.2.jar:/Volumes/850-500G/JavaLib/maven_repository/repository/org/ow2/asm/asm/5.0.4/asm-5.0.4.jar:/Volumes/850-500G/JavaLib/maven_repository/repository/org/assertj/assertj-core/3.9.1/assertj-core-3.9.1.jar:/Volumes/850-500G/JavaLib/maven_repository/repository/org/mockito/mockito-core/2.15.0/mockito-core-2.15.0.jar:/Volumes/850-500G/JavaLib/maven_repository/repository/net/bytebuddy/byte-buddy/1.7.11/byte-buddy-1.7.11.jar:/Volumes/850-500G/JavaLib/maven_repository/repository/net/bytebuddy/byte-buddy-agent/1.7.11/byte-buddy-agent-1.7.11.jar:/Volumes/850-500G/JavaLib/maven_repository/repository/org/objenesis/objenesis/2.6/objenesis-2.6.jar:/Volumes/850-500G/JavaLib/maven_repository/repository/org/hamcrest/hamcrest-core/1.3/hamcrest-core-1.3.jar:/Volumes/850-500G/JavaLib/maven_repository/repository/org/hamcrest/hamcrest-library/1.3/hamcrest-library-1.3.jar:/Volumes/850-500G/JavaLib/maven_repository/repository/org/skyscreamer/jsonassert/1.5.0/jsonassert-1.5.0.jar:/Volumes/850-500G/JavaLib/maven_repository/repository/com/vaadin/external/google/android-json/0.0.20131108.vaadin1/android-json-0.0.20131108.vaadin1.jar:/Volumes/850-500G/JavaLib/maven_repository/repository/org/springframework/spring-test/5.0.6.RELEASE/spring-test-5.0.6.RELEASE.jar:/Volumes/850-500G/JavaLib/maven_repository/repository/org/xmlunit/xmlunit-core/2.5.1/xmlunit-core-2.5.1.jar:/Volumes/850-500G/JavaLib/maven_repository/repository/org/springframework/boot/spring-boot-starter-web/2.0.2.RELEASE/spring-boot-starter-web-2.0.2.RELEASE.jar:/Volumes/850-500G/JavaLib/maven_repository/repository/org/springframework/boot/spring-boot-starter-json/2.0.2.RELEASE/spring-boot-starter-json-2.0.2.RELEASE.jar:/Volumes/850-500G/JavaLib/maven_repository/repository/com/fasterxml/jackson/datatype/jackson-datatype-jdk8/2.9.5/jackson-datatype-jdk8-2.9.5.jar:/Volumes/850-500G/JavaLib/maven_repository/repository/com/fasterxml/jackson/datatype/jackson-datatype-jsr310/2.9.5/jackson-datatype-jsr310-2.9.5.jar:/Volumes/850-500G/JavaLib/maven_repository/repository/com/fasterxml/jackson/module/jackson-module-parameter-names/2.9.5/jackson-module-parameter-names-2.9.5.jar:/Volumes/850-500G/JavaLib/maven_repository/repository/org/springframework/boot/spring-boot-starter-tomcat/2.0.2.RELEASE/spring-boot-starter-tomcat-2.0.2.RELEASE.jar:/Volumes/850-500G/JavaLib/maven_repository/repository/org/apache/tomcat/embed/tomcat-embed-core/8.5.31/tomcat-embed-core-8.5.31.jar:/Volumes/850-500G/JavaLib/maven_repository/repository/org/apache/tomcat/embed/tomcat-embed-el/8.5.31/tomcat-embed-el-8.5.31.jar:/Volumes/850-500G/JavaLib/maven_repository/repository/org/apache/tomcat/embed/tomcat-embed-websocket/8.5.31/tomcat-embed-websocket-8.5.31.jar:/Volumes/850-500G/JavaLib/maven_repository/repository/org/hibernate/validator/hibernate-validator/6.0.9.Final/hibernate-validator-6.0.9.Final.jar:/Volumes/850-500G/JavaLib/maven_repository/repository/javax/validation/validation-api/2.0.1.Final/validation-api-2.0.1.Final.jar:/Volumes/850-500G/JavaLib/maven_repository/repository/org/jboss/logging/jboss-logging/3.3.2.Final/jboss-logging-3.3.2.Final.jar:/Volumes/850-500G/JavaLib/maven_repository/repository/com/fasterxml/classmate/1.3.4/classmate-1.3.4.jar:/Volumes/850-500G/JavaLib/maven_repository/repository/org/springframework/spring-web/5.0.6.RELEASE/spring-web-5.0.6.RELEASE.jar:/Volumes/850-500G/JavaLib/maven_repository/repository/org/springframework/spring-beans/5.0.6.RELEASE/spring-beans-5.0.6.RELEASE.jar:/Volumes/850-500G/JavaLib/maven_repository/repository/org/springframework/spring-webmvc/5.0.6.RELEASE/spring-webmvc-5.0.6.RELEASE.jar:/Volumes/850-500G/JavaLib/maven_repository/repository/org/springframework/spring-aop/5.0.6.RELEASE/spring-aop-5.0.6.RELEASE.jar:/Volumes/850-500G/JavaLib/maven_repository/repository/org/springframework/spring-expression/5.0.6.RELEASE/spring-expression-5.0.6.RELEASE.jar:/Volumes/850-500G/JavaLib/maven_repository/repository/junit/junit/4.12/junit-4.12.jar:, user.name=qzhanghp, java.vm.specification.version=1.8, sun.java.command=/Volumes/850-500G/Sync/project/ideawork/compass-interview/target/surefire/surefirebooter6404362341656239813.jar /Volumes/850-500G/Sync/project/ideawork/compass-interview/target/surefire 2018-05-24T23-09-05_146-jvmRun1 surefire3122108208825454459tmp surefire_03581652899317675720tmp, java.home=/Library/Java/JavaVirtualMachines/jdk1.8.0_172.jdk/Contents/Home/jre, sun.arch.data.model=64, user.language=en, java.specification.vendor=Oracle Corporation, awt.toolkit=sun.lwawt.macosx.LWCToolkit, java.vm.info=mixed mode, java.version=1.8.0_172, java.ext.dirs=/Users/qzhanghp/Library/Java/Extensions:/Library/Java/JavaVirtualMachines/jdk1.8.0_172.jdk/Contents/Home/jre/lib/ext:/Library/Java/Extensions:/Network/Library/Java/Extensions:/System/Library/Java/Extensions:/usr/lib/java, sun.boot.class.path=/Library/Java/JavaVirtualMachines/jdk1.8.0_172.jdk/Contents/Home/jre/lib/resources.jar:/Library/Java/JavaVirtualMachines/jdk1.8.0_172.jdk/Contents/Home/jre/lib/rt.jar:/Library/Java/JavaVirtualMachines/jdk1.8.0_172.jdk/Contents/Home/jre/lib/sunrsasign.jar:/Library/Java/JavaVirtualMachines/jdk1.8.0_172.jdk/Contents/Home/jre/lib/jsse.jar:/Library/Java/JavaVirtualMachines/jdk1.8.0_172.jdk/Contents/Home/jre/lib/jce.jar:/Library/Java/JavaVirtualMachines/jdk1.8.0_172.jdk/Contents/Home/jre/lib/charsets.jar:/Library/Java/JavaVirtualMachines/jdk1.8.0_172.jdk/Contents/Home/jre/lib/jfr.jar:/Library/Java/JavaVirtualMachines/jdk1.8.0_172.jdk/Contents/Home/jre/classes, java.vendor=Oracle Corporation, localRepository=/Volumes/850-500G/JavaLib/maven_repository/repository, file.separator=/, java.vendor.url.bug=http://bugreport.sun.com/bugreport/, sun.io.unicode.encoding=UnicodeBig, sun.cpu.endian=little, socksNonProxyHosts=local|*.local|169.254/16|*.169.254/16, ftp.nonProxyHosts=local|*.local|169.254/16|*.169.254/16, sun.cpu.isalist=}}, SystemEnvironmentPropertySource@1832580921 {name='systemEnvironment', properties={DYLD_LIBRARY_PATH=/Volumes/850-500G/JavaLib/oracleClient12, PATH=/Users/qzhanghp/.nvm/versions/node/v8.10.0/bin:/usr/local/opt/node@6/bin:/opt/local/bin:/opt/local/sbin:/usr/local/bin:/usr/bin:/bin:/usr/sbin:/sbin:/usr/local/Cellar/maven/3.5.2/libexec/bin:/Users/qzhanghp/Library/Android/sdk//tools:/Users/qzhanghp/Library/Android/sdk//platform-tools:/usr/local/Cellar/maven/3.5.2/libexec/bin:/Volumes/850-500G/JavaLib/oracleClient12, JAVA_MAIN_CLASS_20219=org.codehaus.plexus.classworlds.launcher.Launcher, M2=/usr/local/Cellar/maven/3.5.2/libexec/bin, JAVA_HOME=/Library/Java/JavaVirtualMachines/jdk1.8.0_172.jdk/Contents/Home, JAVA_MAIN_CLASS_20234=org.apache.maven.surefire.booter.ForkedBooter, TERM=xterm-256color, ANDROID_HOME=/Users/qzhanghp/Library/Android/sdk/, LOGNAME=qzhanghp, ORACLE_HOME=/Volumes/850-500G/JavaLib/oracleClient12, XPC_SERVICE_NAME=0, PWD=/Volumes/850-500G/Sync/project/ideawork/compass-interview, MAVEN_CMD_LINE_ARGS= test, _=/Library/Java/JavaVirtualMachines/jdk1.8.0_172.jdk/Contents/Home/jre/bin/java, NVM_CD_FLAGS=, NVM_DIR=/Users/qzhanghp/.nvm, SHELL=/bin/bash, MAVEN_PROJECTBASEDIR=/Volumes/850-500G/Sync/project/ideawork/compass-interview, OLDPWD=/Volumes/850-500G/Sync/project/ideawork/compass-interview, USER=qzhanghp, TMPDIR=/var/folders/dy/qvvbf46x4kbcfnj0k0j0lssr0000gn/T/, SSH_AUTH_SOCK=/private/tmp/com.apple.launchd.UqJHW85qui/Listeners, XPC_FLAGS=0x0, M2_HOME=/usr/local/Cellar/maven/3.5.2/libexec, __CF_USER_TEXT_ENCODING=0x1F5:0x0:0x0, Apple_PubSub_Socket_Render=/private/tmp/com.apple.launchd.r5cqdyPhuK/Render, LC_CTYPE=en_US.UTF-8, NVM_BIN=/Users/qzhanghp/.nvm/versions/node/v8.10.0/bin, HOME=/Users/qzhanghp, SHLVL=2}}]
23:09:05.970 [main] DEBUG org.springframework.core.io.support.PathMatchingResourcePatternResolver - Resolved classpath location [org/onassignment/compassinterview/controller/] to resources [URL [file:/Volumes/850-500G/Sync/project/ideawork/compass-interview/target/test-classes/org/onassignment/compassinterview/controller/], URL [file:/Volumes/850-500G/Sync/project/ideawork/compass-interview/target/classes/org/onassignment/compassinterview/controller/]]
23:09:05.970 [main] DEBUG org.springframework.core.io.support.PathMatchingResourcePatternResolver - Looking for matching resources in directory tree [/Volumes/850-500G/Sync/project/ideawork/compass-interview/target/test-classes/org/onassignment/compassinterview/controller]
23:09:05.970 [main] DEBUG org.springframework.core.io.support.PathMatchingResourcePatternResolver - Searching directory [/Volumes/850-500G/Sync/project/ideawork/compass-interview/target/test-classes/org/onassignment/compassinterview/controller] for files matching pattern [/Volumes/850-500G/Sync/project/ideawork/compass-interview/target/test-classes/org/onassignment/compassinterview/controller/*.class]
23:09:05.973 [main] DEBUG org.springframework.core.io.support.PathMatchingResourcePatternResolver - Looking for matching resources in directory tree [/Volumes/850-500G/Sync/project/ideawork/compass-interview/target/classes/org/onassignment/compassinterview/controller]
23:09:05.973 [main] DEBUG org.springframework.core.io.support.PathMatchingResourcePatternResolver - Searching directory [/Volumes/850-500G/Sync/project/ideawork/compass-interview/target/classes/org/onassignment/compassinterview/controller] for files matching pattern [/Volumes/850-500G/Sync/project/ideawork/compass-interview/target/classes/org/onassignment/compassinterview/controller/*.class]
23:09:05.974 [main] DEBUG org.springframework.core.io.support.PathMatchingResourcePatternResolver - Resolved location pattern [classpath*:org/onassignment/compassinterview/controller/*.class] to resources [file [/Volumes/850-500G/Sync/project/ideawork/compass-interview/target/test-classes/org/onassignment/compassinterview/controller/CrawlerControllerTest.class], file [/Volumes/850-500G/Sync/project/ideawork/compass-interview/target/classes/org/onassignment/compassinterview/controller/CrawlerController.class]]
23:09:06.045 [main] DEBUG org.springframework.core.io.support.PathMatchingResourcePatternResolver - Resolved classpath location [org/onassignment/compassinterview/] to resources [URL [file:/Volumes/850-500G/Sync/project/ideawork/compass-interview/target/test-classes/org/onassignment/compassinterview/], URL [file:/Volumes/850-500G/Sync/project/ideawork/compass-interview/target/classes/org/onassignment/compassinterview/]]
23:09:06.047 [main] DEBUG org.springframework.core.io.support.PathMatchingResourcePatternResolver - Looking for matching resources in directory tree [/Volumes/850-500G/Sync/project/ideawork/compass-interview/target/test-classes/org/onassignment/compassinterview]
23:09:06.047 [main] DEBUG org.springframework.core.io.support.PathMatchingResourcePatternResolver - Searching directory [/Volumes/850-500G/Sync/project/ideawork/compass-interview/target/test-classes/org/onassignment/compassinterview] for files matching pattern [/Volumes/850-500G/Sync/project/ideawork/compass-interview/target/test-classes/org/onassignment/compassinterview/*.class]
23:09:06.048 [main] DEBUG org.springframework.core.io.support.PathMatchingResourcePatternResolver - Looking for matching resources in directory tree [/Volumes/850-500G/Sync/project/ideawork/compass-interview/target/classes/org/onassignment/compassinterview]
23:09:06.048 [main] DEBUG org.springframework.core.io.support.PathMatchingResourcePatternResolver - Searching directory [/Volumes/850-500G/Sync/project/ideawork/compass-interview/target/classes/org/onassignment/compassinterview] for files matching pattern [/Volumes/850-500G/Sync/project/ideawork/compass-interview/target/classes/org/onassignment/compassinterview/*.class]
23:09:06.049 [main] DEBUG org.springframework.core.io.support.PathMatchingResourcePatternResolver - Resolved location pattern [classpath*:org/onassignment/compassinterview/*.class] to resources [file [/Volumes/850-500G/Sync/project/ideawork/compass-interview/target/test-classes/org/onassignment/compassinterview/TestCrawler.class], file [/Volumes/850-500G/Sync/project/ideawork/compass-interview/target/classes/org/onassignment/compassinterview/CompassInterviewApplication.class]]
23:09:06.078 [main] DEBUG org.springframework.context.annotation.ClassPathScanningCandidateComponentProvider - Identified candidate component class: file [/Volumes/850-500G/Sync/project/ideawork/compass-interview/target/classes/org/onassignment/compassinterview/CompassInterviewApplication.class]
23:09:06.080 [main] INFO org.springframework.boot.test.context.SpringBootTestContextBootstrapper - Found @SpringBootConfiguration org.onassignment.compassinterview.CompassInterviewApplication for test class org.onassignment.compassinterview.controller.CrawlerControllerTest
23:09:06.200 [main] DEBUG org.springframework.boot.test.context.SpringBootTestContextBootstrapper - @TestExecutionListeners is not present for class [org.onassignment.compassinterview.controller.CrawlerControllerTest]: using defaults.
23:09:06.200 [main] INFO org.springframework.boot.test.context.SpringBootTestContextBootstrapper - Loaded default TestExecutionListener class names from location [META-INF/spring.factories]: [org.springframework.boot.test.mock.mockito.MockitoTestExecutionListener, org.springframework.boot.test.mock.mockito.ResetMocksTestExecutionListener, org.springframework.boot.test.autoconfigure.restdocs.RestDocsTestExecutionListener, org.springframework.boot.test.autoconfigure.web.client.MockRestServiceServerResetTestExecutionListener, org.springframework.boot.test.autoconfigure.web.servlet.MockMvcPrintOnlyOnFailureTestExecutionListener, org.springframework.boot.test.autoconfigure.web.servlet.WebDriverTestExecutionListener, org.springframework.test.context.web.ServletTestExecutionListener, org.springframework.test.context.support.DirtiesContextBeforeModesTestExecutionListener, org.springframework.test.context.support.DependencyInjectionTestExecutionListener, org.springframework.test.context.support.DirtiesContextTestExecutionListener, org.springframework.test.context.transaction.TransactionalTestExecutionListener, org.springframework.test.context.jdbc.SqlScriptsTestExecutionListener]
23:09:06.213 [main] DEBUG org.springframework.boot.test.context.SpringBootTestContextBootstrapper - Skipping candidate TestExecutionListener [org.springframework.test.context.transaction.TransactionalTestExecutionListener] due to a missing dependency. Specify custom listener classes or make the default listener classes and their required dependencies available. Offending class: [org/springframework/transaction/interceptor/TransactionAttributeSource]
23:09:06.213 [main] DEBUG org.springframework.boot.test.context.SpringBootTestContextBootstrapper - Skipping candidate TestExecutionListener [org.springframework.test.context.jdbc.SqlScriptsTestExecutionListener] due to a missing dependency. Specify custom listener classes or make the default listener classes and their required dependencies available. Offending class: [org/springframework/transaction/interceptor/TransactionAttribute]
23:09:06.214 [main] INFO org.springframework.boot.test.context.SpringBootTestContextBootstrapper - Using TestExecutionListeners: [org.springframework.test.context.web.ServletTestExecutionListener@3590fc5b, org.springframework.test.context.support.DirtiesContextBeforeModesTestExecutionListener@397fbdb, org.springframework.boot.test.mock.mockito.MockitoTestExecutionListener@33d512c1, org.springframework.boot.test.autoconfigure.SpringBootDependencyInjectionTestExecutionListener@515c6049, org.springframework.test.context.support.DirtiesContextTestExecutionListener@639c2c1d, org.springframework.boot.test.mock.mockito.ResetMocksTestExecutionListener@5fe94a96, org.springframework.boot.test.autoconfigure.restdocs.RestDocsTestExecutionListener@443118b0, org.springframework.boot.test.autoconfigure.web.client.MockRestServiceServerResetTestExecutionListener@765d7657, org.springframework.boot.test.autoconfigure.web.servlet.MockMvcPrintOnlyOnFailureTestExecutionListener@74235045, org.springframework.boot.test.autoconfigure.web.servlet.WebDriverTestExecutionListener@618b19ad]
23:09:06.215 [main] DEBUG org.springframework.test.annotation.ProfileValueUtils - Retrieved @ProfileValueSourceConfiguration [null] for test class [org.onassignment.compassinterview.controller.CrawlerControllerTest]
23:09:06.216 [main] DEBUG org.springframework.test.annotation.ProfileValueUtils - Retrieved ProfileValueSource type [class org.springframework.test.annotation.SystemProfileValueSource] for class [org.onassignment.compassinterview.controller.CrawlerControllerTest]
23:09:06.217 [main] DEBUG org.springframework.test.annotation.ProfileValueUtils - Retrieved @ProfileValueSourceConfiguration [null] for test class [org.onassignment.compassinterview.controller.CrawlerControllerTest]
23:09:06.218 [main] DEBUG org.springframework.test.annotation.ProfileValueUtils - Retrieved ProfileValueSource type [class org.springframework.test.annotation.SystemProfileValueSource] for class [org.onassignment.compassinterview.controller.CrawlerControllerTest]
23:09:06.218 [main] DEBUG org.springframework.test.annotation.ProfileValueUtils - Retrieved @ProfileValueSourceConfiguration [null] for test class [org.onassignment.compassinterview.controller.CrawlerControllerTest]
23:09:06.218 [main] DEBUG org.springframework.test.annotation.ProfileValueUtils - Retrieved ProfileValueSource type [class org.springframework.test.annotation.SystemProfileValueSource] for class [org.onassignment.compassinterview.controller.CrawlerControllerTest]
23:09:06.222 [main] DEBUG org.springframework.test.context.support.AbstractDirtiesContextTestExecutionListener - Before test class: context [DefaultTestContext@43bc63a3 testClass = CrawlerControllerTest, testInstance = [null], testMethod = [null], testException = [null], mergedContextConfiguration = [WebMergedContextConfiguration@702657cc testClass = CrawlerControllerTest, locations = '{}', classes = '{class org.onassignment.compassinterview.CompassInterviewApplication}', contextInitializerClasses = '[]', activeProfiles = '{}', propertySourceLocations = '{}', propertySourceProperties = '{org.springframework.boot.test.context.SpringBootTestContextBootstrapper=true}', contextCustomizers = set[org.springframework.boot.test.context.filter.ExcludeFilterContextCustomizer@612679d6, org.springframework.boot.test.json.DuplicateJsonObjectContextCustomizerFactory$DuplicateJsonObjectContextCustomizer@1b26f7b2, org.springframework.boot.test.mock.mockito.MockitoContextCustomizer@0, org.springframework.boot.test.web.client.TestRestTemplateContextCustomizer@1d371b2d, org.springframework.boot.test.autoconfigure.properties.PropertyMappingContextCustomizer@0, org.springframework.boot.test.autoconfigure.web.servlet.WebDriverContextCustomizerFactory$Customizer@7276c8cd, org.springframework.test.context.web.socket.MockServerContainerContextCustomizer@150c158], resourceBasePath = 'src/main/webapp', contextLoader = 'org.springframework.boot.test.context.SpringBootContextLoader', parent = [null]], attributes = map['org.springframework.test.context.web.ServletTestExecutionListener.activateListener' -> true]], class annotated with @DirtiesContext [false] with mode [null].
23:09:06.223 [main] DEBUG org.springframework.test.annotation.ProfileValueUtils - Retrieved @ProfileValueSourceConfiguration [null] for test class [org.onassignment.compassinterview.controller.CrawlerControllerTest]
23:09:06.223 [main] DEBUG org.springframework.test.annotation.ProfileValueUtils - Retrieved ProfileValueSource type [class org.springframework.test.annotation.SystemProfileValueSource] for class [org.onassignment.compassinterview.controller.CrawlerControllerTest]
23:09:06.241 [main] DEBUG org.springframework.core.env.StandardEnvironment - Adding PropertySource 'systemProperties' with lowest search precedence
23:09:06.241 [main] DEBUG org.springframework.core.env.StandardEnvironment - Adding PropertySource 'systemEnvironment' with lowest search precedence
23:09:06.242 [main] DEBUG org.springframework.core.env.StandardEnvironment - Initialized StandardEnvironment with PropertySources [MapPropertySource@1004023029 {name='systemProperties', properties={java.runtime.name=Java(TM) SE Runtime Environment, sun.boot.library.path=/Library/Java/JavaVirtualMachines/jdk1.8.0_172.jdk/Contents/Home/jre/lib, java.vm.version=25.172-b11, gopherProxySet=false, java.vm.vendor=Oracle Corporation, java.vendor.url=http://java.oracle.com/, path.separator=:, java.vm.name=Java HotSpot(TM) 64-Bit Server VM, file.encoding.pkg=sun.io, user.country=US, sun.java.launcher=SUN_STANDARD, sun.os.patch.level=unknown, java.vm.specification.name=Java Virtual Machine Specification, user.dir=/Volumes/850-500G/Sync/project/ideawork/compass-interview, java.runtime.version=1.8.0_172-b11, basedir=/Volumes/850-500G/Sync/project/ideawork/compass-interview, java.awt.graphicsenv=sun.awt.CGraphicsEnvironment, java.endorsed.dirs=/Library/Java/JavaVirtualMachines/jdk1.8.0_172.jdk/Contents/Home/jre/lib/endorsed, os.arch=x86_64, surefire.real.class.path=/Volumes/850-500G/Sync/project/ideawork/compass-interview/target/surefire/surefirebooter6404362341656239813.jar, java.io.tmpdir=/var/folders/dy/qvvbf46x4kbcfnj0k0j0lssr0000gn/T/, line.separator=
, java.vm.specification.vendor=Oracle Corporation, os.name=Mac OS X, sun.jnu.encoding=UTF-8, java.library.path=/Volumes/850-500G/JavaLib/oracleClient12:/Users/qzhanghp/Library/Java/Extensions:/Library/Java/Extensions:/Network/Library/Java/Extensions:/System/Library/Java/Extensions:/usr/lib/java:., surefire.test.class.path=/Volumes/850-500G/Sync/project/ideawork/compass-interview/target/test-classes:/Volumes/850-500G/Sync/project/ideawork/compass-interview/target/classes:/Volumes/850-500G/JavaLib/maven_repository/repository/org/springframework/boot/spring-boot-starter/2.0.2.RELEASE/spring-boot-starter-2.0.2.RELEASE.jar:/Volumes/850-500G/JavaLib/maven_repository/repository/org/springframework/boot/spring-boot/2.0.2.RELEASE/spring-boot-2.0.2.RELEASE.jar:/Volumes/850-500G/JavaLib/maven_repository/repository/org/springframework/spring-context/5.0.6.RELEASE/spring-context-5.0.6.RELEASE.jar:/Volumes/850-500G/JavaLib/maven_repository/repository/org/springframework/boot/spring-boot-autoconfigure/2.0.2.RELEASE/spring-boot-autoconfigure-2.0.2.RELEASE.jar:/Volumes/850-500G/JavaLib/maven_repository/repository/javax/annotation/javax.annotation-api/1.3.2/javax.annotation-api-1.3.2.jar:/Volumes/850-500G/JavaLib/maven_repository/repository/org/springframework/spring-core/5.0.6.RELEASE/spring-core-5.0.6.RELEASE.jar:/Volumes/850-500G/JavaLib/maven_repository/repository/org/springframework/spring-jcl/5.0.6.RELEASE/spring-jcl-5.0.6.RELEASE.jar:/Volumes/850-500G/JavaLib/maven_repository/repository/org/yaml/snakeyaml/1.19/snakeyaml-1.19.jar:/Volumes/850-500G/JavaLib/maven_repository/repository/org/springframework/boot/spring-boot-starter-logging/2.0.2.RELEASE/spring-boot-starter-logging-2.0.2.RELEASE.jar:/Volumes/850-500G/JavaLib/maven_repository/repository/ch/qos/logback/logback-classic/1.2.3/logback-classic-1.2.3.jar:/Volumes/850-500G/JavaLib/maven_repository/repository/ch/qos/logback/logback-core/1.2.3/logback-core-1.2.3.jar:/Volumes/850-500G/JavaLib/maven_repository/repository/org/slf4j/slf4j-api/1.7.25/slf4j-api-1.7.25.jar:/Volumes/850-500G/JavaLib/maven_repository/repository/org/apache/logging/log4j/log4j-to-slf4j/2.10.0/log4j-to-slf4j-2.10.0.jar:/Volumes/850-500G/JavaLib/maven_repository/repository/org/apache/logging/log4j/log4j-api/2.10.0/log4j-api-2.10.0.jar:/Volumes/850-500G/JavaLib/maven_repository/repository/org/slf4j/jul-to-slf4j/1.7.25/jul-to-slf4j-1.7.25.jar:/Volumes/850-500G/JavaLib/maven_repository/repository/org/jsoup/jsoup/1.10.3/jsoup-1.10.3.jar:/Volumes/850-500G/JavaLib/maven_repository/repository/com/fasterxml/jackson/core/jackson-databind/2.9.5/jackson-databind-2.9.5.jar:/Volumes/850-500G/JavaLib/maven_repository/repository/com/fasterxml/jackson/core/jackson-annotations/2.9.0/jackson-annotations-2.9.0.jar:/Volumes/850-500G/JavaLib/maven_repository/repository/com/fasterxml/jackson/core/jackson-core/2.9.5/jackson-core-2.9.5.jar:/Volumes/850-500G/JavaLib/maven_repository/repository/org/springframework/boot/spring-boot-starter-test/2.0.2.RELEASE/spring-boot-starter-test-2.0.2.RELEASE.jar:/Volumes/850-500G/JavaLib/maven_repository/repository/org/springframework/boot/spring-boot-test/2.0.2.RELEASE/spring-boot-test-2.0.2.RELEASE.jar:/Volumes/850-500G/JavaLib/maven_repository/repository/org/springframework/boot/spring-boot-test-autoconfigure/2.0.2.RELEASE/spring-boot-test-autoconfigure-2.0.2.RELEASE.jar:/Volumes/850-500G/JavaLib/maven_repository/repository/com/jayway/jsonpath/json-path/2.4.0/json-path-2.4.0.jar:/Volumes/850-500G/JavaLib/maven_repository/repository/net/minidev/json-smart/2.3/json-smart-2.3.jar:/Volumes/850-500G/JavaLib/maven_repository/repository/net/minidev/accessors-smart/1.2/accessors-smart-1.2.jar:/Volumes/850-500G/JavaLib/maven_repository/repository/org/ow2/asm/asm/5.0.4/asm-5.0.4.jar:/Volumes/850-500G/JavaLib/maven_repository/repository/org/assertj/assertj-core/3.9.1/assertj-core-3.9.1.jar:/Volumes/850-500G/JavaLib/maven_repository/repository/org/mockito/mockito-core/2.15.0/mockito-core-2.15.0.jar:/Volumes/850-500G/JavaLib/maven_repository/repository/net/bytebuddy/byte-buddy/1.7.11/byte-buddy-1.7.11.jar:/Volumes/850-500G/JavaLib/maven_repository/repository/net/bytebuddy/byte-buddy-agent/1.7.11/byte-buddy-agent-1.7.11.jar:/Volumes/850-500G/JavaLib/maven_repository/repository/org/objenesis/objenesis/2.6/objenesis-2.6.jar:/Volumes/850-500G/JavaLib/maven_repository/repository/org/hamcrest/hamcrest-core/1.3/hamcrest-core-1.3.jar:/Volumes/850-500G/JavaLib/maven_repository/repository/org/hamcrest/hamcrest-library/1.3/hamcrest-library-1.3.jar:/Volumes/850-500G/JavaLib/maven_repository/repository/org/skyscreamer/jsonassert/1.5.0/jsonassert-1.5.0.jar:/Volumes/850-500G/JavaLib/maven_repository/repository/com/vaadin/external/google/android-json/0.0.20131108.vaadin1/android-json-0.0.20131108.vaadin1.jar:/Volumes/850-500G/JavaLib/maven_repository/repository/org/springframework/spring-test/5.0.6.RELEASE/spring-test-5.0.6.RELEASE.jar:/Volumes/850-500G/JavaLib/maven_repository/repository/org/xmlunit/xmlunit-core/2.5.1/xmlunit-core-2.5.1.jar:/Volumes/850-500G/JavaLib/maven_repository/repository/org/springframework/boot/spring-boot-starter-web/2.0.2.RELEASE/spring-boot-starter-web-2.0.2.RELEASE.jar:/Volumes/850-500G/JavaLib/maven_repository/repository/org/springframework/boot/spring-boot-starter-json/2.0.2.RELEASE/spring-boot-starter-json-2.0.2.RELEASE.jar:/Volumes/850-500G/JavaLib/maven_repository/repository/com/fasterxml/jackson/datatype/jackson-datatype-jdk8/2.9.5/jackson-datatype-jdk8-2.9.5.jar:/Volumes/850-500G/JavaLib/maven_repository/repository/com/fasterxml/jackson/datatype/jackson-datatype-jsr310/2.9.5/jackson-datatype-jsr310-2.9.5.jar:/Volumes/850-500G/JavaLib/maven_repository/repository/com/fasterxml/jackson/module/jackson-module-parameter-names/2.9.5/jackson-module-parameter-names-2.9.5.jar:/Volumes/850-500G/JavaLib/maven_repository/repository/org/springframework/boot/spring-boot-starter-tomcat/2.0.2.RELEASE/spring-boot-starter-tomcat-2.0.2.RELEASE.jar:/Volumes/850-500G/JavaLib/maven_repository/repository/org/apache/tomcat/embed/tomcat-embed-core/8.5.31/tomcat-embed-core-8.5.31.jar:/Volumes/850-500G/JavaLib/maven_repository/repository/org/apache/tomcat/embed/tomcat-embed-el/8.5.31/tomcat-embed-el-8.5.31.jar:/Volumes/850-500G/JavaLib/maven_repository/repository/org/apache/tomcat/embed/tomcat-embed-websocket/8.5.31/tomcat-embed-websocket-8.5.31.jar:/Volumes/850-500G/JavaLib/maven_repository/repository/org/hibernate/validator/hibernate-validator/6.0.9.Final/hibernate-validator-6.0.9.Final.jar:/Volumes/850-500G/JavaLib/maven_repository/repository/javax/validation/validation-api/2.0.1.Final/validation-api-2.0.1.Final.jar:/Volumes/850-500G/JavaLib/maven_repository/repository/org/jboss/logging/jboss-logging/3.3.2.Final/jboss-logging-3.3.2.Final.jar:/Volumes/850-500G/JavaLib/maven_repository/repository/com/fasterxml/classmate/1.3.4/classmate-1.3.4.jar:/Volumes/850-500G/JavaLib/maven_repository/repository/org/springframework/spring-web/5.0.6.RELEASE/spring-web-5.0.6.RELEASE.jar:/Volumes/850-500G/JavaLib/maven_repository/repository/org/springframework/spring-beans/5.0.6.RELEASE/spring-beans-5.0.6.RELEASE.jar:/Volumes/850-500G/JavaLib/maven_repository/repository/org/springframework/spring-webmvc/5.0.6.RELEASE/spring-webmvc-5.0.6.RELEASE.jar:/Volumes/850-500G/JavaLib/maven_repository/repository/org/springframework/spring-aop/5.0.6.RELEASE/spring-aop-5.0.6.RELEASE.jar:/Volumes/850-500G/JavaLib/maven_repository/repository/org/springframework/spring-expression/5.0.6.RELEASE/spring-expression-5.0.6.RELEASE.jar:/Volumes/850-500G/JavaLib/maven_repository/repository/junit/junit/4.12/junit-4.12.jar:, java.specification.name=Java Platform API Specification, java.class.version=52.0, sun.management.compiler=HotSpot 64-Bit Tiered Compilers, os.version=10.13.3, http.nonProxyHosts=local|*.local|169.254/16|*.169.254/16, user.home=/Users/qzhanghp, user.timezone=US/Pacific, java.awt.printerjob=sun.lwawt.macosx.CPrinterJob, file.encoding=UTF-8, java.specification.version=1.8, java.class.path=/Volumes/850-500G/Sync/project/ideawork/compass-interview/target/test-classes:/Volumes/850-500G/Sync/project/ideawork/compass-interview/target/classes:/Volumes/850-500G/JavaLib/maven_repository/repository/org/springframework/boot/spring-boot-starter/2.0.2.RELEASE/spring-boot-starter-2.0.2.RELEASE.jar:/Volumes/850-500G/JavaLib/maven_repository/repository/org/springframework/boot/spring-boot/2.0.2.RELEASE/spring-boot-2.0.2.RELEASE.jar:/Volumes/850-500G/JavaLib/maven_repository/repository/org/springframework/spring-context/5.0.6.RELEASE/spring-context-5.0.6.RELEASE.jar:/Volumes/850-500G/JavaLib/maven_repository/repository/org/springframework/boot/spring-boot-autoconfigure/2.0.2.RELEASE/spring-boot-autoconfigure-2.0.2.RELEASE.jar:/Volumes/850-500G/JavaLib/maven_repository/repository/javax/annotation/javax.annotation-api/1.3.2/javax.annotation-api-1.3.2.jar:/Volumes/850-500G/JavaLib/maven_repository/repository/org/springframework/spring-core/5.0.6.RELEASE/spring-core-5.0.6.RELEASE.jar:/Volumes/850-500G/JavaLib/maven_repository/repository/org/springframework/spring-jcl/5.0.6.RELEASE/spring-jcl-5.0.6.RELEASE.jar:/Volumes/850-500G/JavaLib/maven_repository/repository/org/yaml/snakeyaml/1.19/snakeyaml-1.19.jar:/Volumes/850-500G/JavaLib/maven_repository/repository/org/springframework/boot/spring-boot-starter-logging/2.0.2.RELEASE/spring-boot-starter-logging-2.0.2.RELEASE.jar:/Volumes/850-500G/JavaLib/maven_repository/repository/ch/qos/logback/logback-classic/1.2.3/logback-classic-1.2.3.jar:/Volumes/850-500G/JavaLib/maven_repository/repository/ch/qos/logback/logback-core/1.2.3/logback-core-1.2.3.jar:/Volumes/850-500G/JavaLib/maven_repository/repository/org/slf4j/slf4j-api/1.7.25/slf4j-api-1.7.25.jar:/Volumes/850-500G/JavaLib/maven_repository/repository/org/apache/logging/log4j/log4j-to-slf4j/2.10.0/log4j-to-slf4j-2.10.0.jar:/Volumes/850-500G/JavaLib/maven_repository/repository/org/apache/logging/log4j/log4j-api/2.10.0/log4j-api-2.10.0.jar:/Volumes/850-500G/JavaLib/maven_repository/repository/org/slf4j/jul-to-slf4j/1.7.25/jul-to-slf4j-1.7.25.jar:/Volumes/850-500G/JavaLib/maven_repository/repository/org/jsoup/jsoup/1.10.3/jsoup-1.10.3.jar:/Volumes/850-500G/JavaLib/maven_repository/repository/com/fasterxml/jackson/core/jackson-databind/2.9.5/jackson-databind-2.9.5.jar:/Volumes/850-500G/JavaLib/maven_repository/repository/com/fasterxml/jackson/core/jackson-annotations/2.9.0/jackson-annotations-2.9.0.jar:/Volumes/850-500G/JavaLib/maven_repository/repository/com/fasterxml/jackson/core/jackson-core/2.9.5/jackson-core-2.9.5.jar:/Volumes/850-500G/JavaLib/maven_repository/repository/org/springframework/boot/spring-boot-starter-test/2.0.2.RELEASE/spring-boot-starter-test-2.0.2.RELEASE.jar:/Volumes/850-500G/JavaLib/maven_repository/repository/org/springframework/boot/spring-boot-test/2.0.2.RELEASE/spring-boot-test-2.0.2.RELEASE.jar:/Volumes/850-500G/JavaLib/maven_repository/repository/org/springframework/boot/spring-boot-test-autoconfigure/2.0.2.RELEASE/spring-boot-test-autoconfigure-2.0.2.RELEASE.jar:/Volumes/850-500G/JavaLib/maven_repository/repository/com/jayway/jsonpath/json-path/2.4.0/json-path-2.4.0.jar:/Volumes/850-500G/JavaLib/maven_repository/repository/net/minidev/json-smart/2.3/json-smart-2.3.jar:/Volumes/850-500G/JavaLib/maven_repository/repository/net/minidev/accessors-smart/1.2/accessors-smart-1.2.jar:/Volumes/850-500G/JavaLib/maven_repository/repository/org/ow2/asm/asm/5.0.4/asm-5.0.4.jar:/Volumes/850-500G/JavaLib/maven_repository/repository/org/assertj/assertj-core/3.9.1/assertj-core-3.9.1.jar:/Volumes/850-500G/JavaLib/maven_repository/repository/org/mockito/mockito-core/2.15.0/mockito-core-2.15.0.jar:/Volumes/850-500G/JavaLib/maven_repository/repository/net/bytebuddy/byte-buddy/1.7.11/byte-buddy-1.7.11.jar:/Volumes/850-500G/JavaLib/maven_repository/repository/net/bytebuddy/byte-buddy-agent/1.7.11/byte-buddy-agent-1.7.11.jar:/Volumes/850-500G/JavaLib/maven_repository/repository/org/objenesis/objenesis/2.6/objenesis-2.6.jar:/Volumes/850-500G/JavaLib/maven_repository/repository/org/hamcrest/hamcrest-core/1.3/hamcrest-core-1.3.jar:/Volumes/850-500G/JavaLib/maven_repository/repository/org/hamcrest/hamcrest-library/1.3/hamcrest-library-1.3.jar:/Volumes/850-500G/JavaLib/maven_repository/repository/org/skyscreamer/jsonassert/1.5.0/jsonassert-1.5.0.jar:/Volumes/850-500G/JavaLib/maven_repository/repository/com/vaadin/external/google/android-json/0.0.20131108.vaadin1/android-json-0.0.20131108.vaadin1.jar:/Volumes/850-500G/JavaLib/maven_repository/repository/org/springframework/spring-test/5.0.6.RELEASE/spring-test-5.0.6.RELEASE.jar:/Volumes/850-500G/JavaLib/maven_repository/repository/org/xmlunit/xmlunit-core/2.5.1/xmlunit-core-2.5.1.jar:/Volumes/850-500G/JavaLib/maven_repository/repository/org/springframework/boot/spring-boot-starter-web/2.0.2.RELEASE/spring-boot-starter-web-2.0.2.RELEASE.jar:/Volumes/850-500G/JavaLib/maven_repository/repository/org/springframework/boot/spring-boot-starter-json/2.0.2.RELEASE/spring-boot-starter-json-2.0.2.RELEASE.jar:/Volumes/850-500G/JavaLib/maven_repository/repository/com/fasterxml/jackson/datatype/jackson-datatype-jdk8/2.9.5/jackson-datatype-jdk8-2.9.5.jar:/Volumes/850-500G/JavaLib/maven_repository/repository/com/fasterxml/jackson/datatype/jackson-datatype-jsr310/2.9.5/jackson-datatype-jsr310-2.9.5.jar:/Volumes/850-500G/JavaLib/maven_repository/repository/com/fasterxml/jackson/module/jackson-module-parameter-names/2.9.5/jackson-module-parameter-names-2.9.5.jar:/Volumes/850-500G/JavaLib/maven_repository/repository/org/springframework/boot/spring-boot-starter-tomcat/2.0.2.RELEASE/spring-boot-starter-tomcat-2.0.2.RELEASE.jar:/Volumes/850-500G/JavaLib/maven_repository/repository/org/apache/tomcat/embed/tomcat-embed-core/8.5.31/tomcat-embed-core-8.5.31.jar:/Volumes/850-500G/JavaLib/maven_repository/repository/org/apache/tomcat/embed/tomcat-embed-el/8.5.31/tomcat-embed-el-8.5.31.jar:/Volumes/850-500G/JavaLib/maven_repository/repository/org/apache/tomcat/embed/tomcat-embed-websocket/8.5.31/tomcat-embed-websocket-8.5.31.jar:/Volumes/850-500G/JavaLib/maven_repository/repository/org/hibernate/validator/hibernate-validator/6.0.9.Final/hibernate-validator-6.0.9.Final.jar:/Volumes/850-500G/JavaLib/maven_repository/repository/javax/validation/validation-api/2.0.1.Final/validation-api-2.0.1.Final.jar:/Volumes/850-500G/JavaLib/maven_repository/repository/org/jboss/logging/jboss-logging/3.3.2.Final/jboss-logging-3.3.2.Final.jar:/Volumes/850-500G/JavaLib/maven_repository/repository/com/fasterxml/classmate/1.3.4/classmate-1.3.4.jar:/Volumes/850-500G/JavaLib/maven_repository/repository/org/springframework/spring-web/5.0.6.RELEASE/spring-web-5.0.6.RELEASE.jar:/Volumes/850-500G/JavaLib/maven_repository/repository/org/springframework/spring-beans/5.0.6.RELEASE/spring-beans-5.0.6.RELEASE.jar:/Volumes/850-500G/JavaLib/maven_repository/repository/org/springframework/spring-webmvc/5.0.6.RELEASE/spring-webmvc-5.0.6.RELEASE.jar:/Volumes/850-500G/JavaLib/maven_repository/repository/org/springframework/spring-aop/5.0.6.RELEASE/spring-aop-5.0.6.RELEASE.jar:/Volumes/850-500G/JavaLib/maven_repository/repository/org/springframework/spring-expression/5.0.6.RELEASE/spring-expression-5.0.6.RELEASE.jar:/Volumes/850-500G/JavaLib/maven_repository/repository/junit/junit/4.12/junit-4.12.jar:, user.name=qzhanghp, java.vm.specification.version=1.8, sun.java.command=/Volumes/850-500G/Sync/project/ideawork/compass-interview/target/surefire/surefirebooter6404362341656239813.jar /Volumes/850-500G/Sync/project/ideawork/compass-interview/target/surefire 2018-05-24T23-09-05_146-jvmRun1 surefire3122108208825454459tmp surefire_03581652899317675720tmp, java.home=/Library/Java/JavaVirtualMachines/jdk1.8.0_172.jdk/Contents/Home/jre, sun.arch.data.model=64, user.language=en, java.specification.vendor=Oracle Corporation, awt.toolkit=sun.lwawt.macosx.LWCToolkit, java.vm.info=mixed mode, java.version=1.8.0_172, java.ext.dirs=/Users/qzhanghp/Library/Java/Extensions:/Library/Java/JavaVirtualMachines/jdk1.8.0_172.jdk/Contents/Home/jre/lib/ext:/Library/Java/Extensions:/Network/Library/Java/Extensions:/System/Library/Java/Extensions:/usr/lib/java, sun.boot.class.path=/Library/Java/JavaVirtualMachines/jdk1.8.0_172.jdk/Contents/Home/jre/lib/resources.jar:/Library/Java/JavaVirtualMachines/jdk1.8.0_172.jdk/Contents/Home/jre/lib/rt.jar:/Library/Java/JavaVirtualMachines/jdk1.8.0_172.jdk/Contents/Home/jre/lib/sunrsasign.jar:/Library/Java/JavaVirtualMachines/jdk1.8.0_172.jdk/Contents/Home/jre/lib/jsse.jar:/Library/Java/JavaVirtualMachines/jdk1.8.0_172.jdk/Contents/Home/jre/lib/jce.jar:/Library/Java/JavaVirtualMachines/jdk1.8.0_172.jdk/Contents/Home/jre/lib/charsets.jar:/Library/Java/JavaVirtualMachines/jdk1.8.0_172.jdk/Contents/Home/jre/lib/jfr.jar:/Library/Java/JavaVirtualMachines/jdk1.8.0_172.jdk/Contents/Home/jre/classes, java.vendor=Oracle Corporation, localRepository=/Volumes/850-500G/JavaLib/maven_repository/repository, file.separator=/, java.vendor.url.bug=http://bugreport.sun.com/bugreport/, sun.io.unicode.encoding=UnicodeBig, sun.cpu.endian=little, socksNonProxyHosts=local|*.local|169.254/16|*.169.254/16, ftp.nonProxyHosts=local|*.local|169.254/16|*.169.254/16, sun.cpu.isalist=}}, SystemEnvironmentPropertySource@1414506856 {name='systemEnvironment', properties={DYLD_LIBRARY_PATH=/Volumes/850-500G/JavaLib/oracleClient12, PATH=/Users/qzhanghp/.nvm/versions/node/v8.10.0/bin:/usr/local/opt/node@6/bin:/opt/local/bin:/opt/local/sbin:/usr/local/bin:/usr/bin:/bin:/usr/sbin:/sbin:/usr/local/Cellar/maven/3.5.2/libexec/bin:/Users/qzhanghp/Library/Android/sdk//tools:/Users/qzhanghp/Library/Android/sdk//platform-tools:/usr/local/Cellar/maven/3.5.2/libexec/bin:/Volumes/850-500G/JavaLib/oracleClient12, JAVA_MAIN_CLASS_20219=org.codehaus.plexus.classworlds.launcher.Launcher, M2=/usr/local/Cellar/maven/3.5.2/libexec/bin, JAVA_HOME=/Library/Java/JavaVirtualMachines/jdk1.8.0_172.jdk/Contents/Home, JAVA_MAIN_CLASS_20234=org.apache.maven.surefire.booter.ForkedBooter, TERM=xterm-256color, ANDROID_HOME=/Users/qzhanghp/Library/Android/sdk/, LOGNAME=qzhanghp, ORACLE_HOME=/Volumes/850-500G/JavaLib/oracleClient12, XPC_SERVICE_NAME=0, PWD=/Volumes/850-500G/Sync/project/ideawork/compass-interview, MAVEN_CMD_LINE_ARGS= test, _=/Library/Java/JavaVirtualMachines/jdk1.8.0_172.jdk/Contents/Home/jre/bin/java, NVM_CD_FLAGS=, NVM_DIR=/Users/qzhanghp/.nvm, SHELL=/bin/bash, MAVEN_PROJECTBASEDIR=/Volumes/850-500G/Sync/project/ideawork/compass-interview, OLDPWD=/Volumes/850-500G/Sync/project/ideawork/compass-interview, USER=qzhanghp, TMPDIR=/var/folders/dy/qvvbf46x4kbcfnj0k0j0lssr0000gn/T/, SSH_AUTH_SOCK=/private/tmp/com.apple.launchd.UqJHW85qui/Listeners, XPC_FLAGS=0x0, M2_HOME=/usr/local/Cellar/maven/3.5.2/libexec, __CF_USER_TEXT_ENCODING=0x1F5:0x0:0x0, Apple_PubSub_Socket_Render=/private/tmp/com.apple.launchd.r5cqdyPhuK/Render, LC_CTYPE=en_US.UTF-8, NVM_BIN=/Users/qzhanghp/.nvm/versions/node/v8.10.0/bin, HOME=/Users/qzhanghp, SHLVL=2}}]
23:09:06.245 [main] DEBUG org.springframework.test.context.support.TestPropertySourceUtils - Adding inlined properties to environment: {spring.jmx.enabled=false, org.springframework.boot.test.context.SpringBootTestContextBootstrapper=true, server.port=-1}
23:09:06.245 [main] DEBUG org.springframework.core.env.StandardEnvironment - Adding PropertySource 'Inlined Test Properties' with highest search precedence

  .   ____          _            __ _ _
 /\\ / ___'_ __ _ _(_)_ __  __ _ \ \ \ \
( ( )\___ | '_ | '_| | '_ \/ _` | \ \ \ \
 \\/  ___)| |_)| | | | | || (_| |  ) ) ) )
  '  |____| .__|_| |_|_| |_\__, | / / / /
 =========|_|==============|___/=/_/_/_/
 :: Spring Boot ::        (v2.0.2.RELEASE)

2018-05-24 23:09:06.786  INFO 20234 --- [           main] o.s.w.c.s.GenericWebApplicationContext   : Refreshing org.springframework.web.context.support.GenericWebApplicationContext@606e4010: startup date [Thu May 24 23:09:06 PDT 2018]; root of context hierarchy
2018-05-24 23:09:07.878  INFO 20234 --- [           main] o.s.w.s.handler.SimpleUrlHandlerMapping  : Mapped URL path [/**/favicon.ico] onto handler of type [class org.springframework.web.servlet.resource.ResourceHttpRequestHandler]
2018-05-24 23:09:08.077  INFO 20234 --- [           main] s.w.s.m.m.a.RequestMappingHandlerAdapter : Looking for @ControllerAdvice: org.springframework.web.context.support.GenericWebApplicationContext@606e4010: startup date [Thu May 24 23:09:06 PDT 2018]; root of context hierarchy
2018-05-24 23:09:08.152  INFO 20234 --- [           main] s.w.s.m.m.a.RequestMappingHandlerMapping : Mapped "{[/],methods=[GET]}" onto public org.onassignment.compassinterview.pojo.CrawlerResult org.onassignment.compassinterview.controller.CrawlerController.parseUrl()
2018-05-24 23:09:08.156  INFO 20234 --- [           main] s.w.s.m.m.a.RequestMappingHandlerMapping : Mapped "{[/],methods=[POST]}" onto public org.onassignment.compassinterview.pojo.CrawlerResult org.onassignment.compassinterview.controller.CrawlerController.putParseUrl(java.lang.String)
2018-05-24 23:09:08.159  INFO 20234 --- [           main] s.w.s.m.m.a.RequestMappingHandlerMapping : Mapped "{[/error]}" onto public org.springframework.http.ResponseEntity<java.util.Map<java.lang.String, java.lang.Object>> org.springframework.boot.autoconfigure.web.servlet.error.BasicErrorController.error(javax.servlet.http.HttpServletRequest)
2018-05-24 23:09:08.160  INFO 20234 --- [           main] s.w.s.m.m.a.RequestMappingHandlerMapping : Mapped "{[/error],produces=[text/html]}" onto public org.springframework.web.servlet.ModelAndView org.springframework.boot.autoconfigure.web.servlet.error.BasicErrorController.errorHtml(javax.servlet.http.HttpServletRequest,javax.servlet.http.HttpServletResponse)
2018-05-24 23:09:08.184  INFO 20234 --- [           main] o.s.w.s.handler.SimpleUrlHandlerMapping  : Mapped URL path [/webjars/**] onto handler of type [class org.springframework.web.servlet.resource.ResourceHttpRequestHandler]
2018-05-24 23:09:08.184  INFO 20234 --- [           main] o.s.w.s.handler.SimpleUrlHandlerMapping  : Mapped URL path [/**] onto handler of type [class org.springframework.web.servlet.resource.ResourceHttpRequestHandler]
2018-05-24 23:09:08.421  INFO 20234 --- [           main] o.s.b.t.m.w.SpringBootMockServletContext : Initializing Spring FrameworkServlet ''
2018-05-24 23:09:08.421  INFO 20234 --- [           main] o.s.t.web.servlet.TestDispatcherServlet  : FrameworkServlet '': initialization started
2018-05-24 23:09:08.432  INFO 20234 --- [           main] o.s.t.web.servlet.TestDispatcherServlet  : FrameworkServlet '': initialization completed in 11 ms
---org.springframework.test.web.servlet.MockMvc@273842a6 ---org.springframework.web.context.support.GenericWebApplicationContext@606e4010: startup date [Thu May 24 23:09:06 PDT 2018]; root of context hierarchy
parse https://httpbin.org/status/502 failed
parse https://httpbin.org/status/400 failed
parse https://httpbin.org/status/404 failed
parse https://httpbin.org/status/502 failed
parse https://httpbin.org/status/400 failed
parse https://httpbin.org/status/404 failed
parse https://httpbin.org/status/502 failed
parse https://httpbin.org/status/502 failed
parse https://httpbin.org/status/400 failed
parse https://httpbin.org/status/404 failed
parse https://httpbin.org/status/400 failed
parse https://httpbin.org/status/404 failed
parse https://httpbin.org/status/502 failed
parse https://httpbin.org/status/400 failed
parse https://httpbin.org/status/404 failed
parse https://httpbin.org/status/502 failed
parse https://httpbin.org/status/400 failed
parse https://httpbin.org/status/404 failed
parse https://httpbin.org/status/502 failed
parse https://httpbin.org/status/400 failed
parse https://httpbin.org/status/404 failed
parse https://httpbin.org/status/500 failed
]]></system-out>
  </testcase>
  <testcase name="testPostParseUrl" classname="org.onassignment.compassinterview.controller.CrawlerControllerTest" time="0.059">
    <error message="Handler dispatch failed; nested exception is java.lang.OutOfMemoryError: unable to create new native thread" type="org.springframework.web.util.NestedServletException">org.springframework.web.util.NestedServletException: Handler dispatch failed; nested exception is java.lang.OutOfMemoryError: unable to create new native thread
	at org.onassignment.compassinterview.controller.CrawlerControllerTest.testPostParseUrl(CrawlerControllerTest.java:63)
Caused by: java.lang.OutOfMemoryError: unable to create new native thread
	at org.onassignment.compassinterview.controller.CrawlerControllerTest.testPostParseUrl(CrawlerControllerTest.java:63)
</error>
    <system-out><![CDATA[2018-05-24 23:09:34.611  INFO 20234 --- [           main] o.s.b.t.m.w.SpringBootMockServletContext : Initializing Spring FrameworkServlet ''
2018-05-24 23:09:34.612  INFO 20234 --- [           main] o.s.t.web.servlet.TestDispatcherServlet  : FrameworkServlet '': initialization started
2018-05-24 23:09:34.614  INFO 20234 --- [           main] o.s.t.web.servlet.TestDispatcherServlet  : FrameworkServlet '': initialization completed in 2 ms
---org.springframework.test.web.servlet.MockMvc@4fad6218 ---org.springframework.web.context.support.GenericWebApplicationContext@606e4010: startup date [Thu May 24 23:09:06 PDT 2018]; root of context hierarchy
]]></system-out>
  </testcase>
</testsuite>