<?xml version="1.0" encoding="UTF-8"?>
<testsuite xmlns:xsi="http://www.w3.org/2001/XMLSchema-instance" xsi:noNamespaceSchemaLocation="https://maven.apache.org/surefire/maven-surefire-plugin/xsd/surefire-test-report.xsd" name="org.onassignment.compassinterview.utils.ConcurrentCrawlerTest" time="20.399" tests="6" errors="0" skipped="0" failures="0">
  <properties>
[...]
</properties>
  <testcase name="testWrongJsonUrl" classname="org.onassignment.compassinterview.utils.ConcurrentCrawlerTest" time="0.205"/>
  <testcase name="testParseJson" classname="org.onassignment.compassinterview.utils.ConcurrentCrawlerTest" time="0.022"/>
  <testcase name="testParseLink" classname="org.onassignment.compassinterview.utils.ConcurrentCrawlerTest" time="1.288"/>
  <testcase name="testBfsLinks" classname="org.onassignment.compassinterview.utils.ConcurrentCrawlerTest" time="18.688"/>
  <testcase name="testWrongJson" classname="org.onassignment.compassinterview.utils.ConcurrentCrawlerTest" time="0.105"/>
  <testcase name="testWrongJsonFormat" classname="org.onassignment.compassinterview.utils.ConcurrentCrawlerTest" time="0.091"/>
</testsuite>